cl : Command line warning D9035: option 'Gm' has been deprecated and will be removed in a future release
  SceneManager.cpp
d:\projects\gameloft\utilities\math.h(77): warning C4521: 'Vector3': multiple copy constructors specified
d:\projects\gameloft\newtrainingframework\scenemanager.cpp(42): warning C4244: '=': conversion from 'double' to 'GLfloat', possible loss of data
d:\projects\gameloft\newtrainingframework\scenemanager.cpp(45): warning C4244: '=': conversion from 'double' to 'GLfloat', possible loss of data
d:\projects\gameloft\newtrainingframework\scenemanager.cpp(48): warning C4244: '=': conversion from 'double' to 'GLfloat', possible loss of data
d:\projects\gameloft\newtrainingframework\scenemanager.cpp(59): warning C4244: '=': conversion from 'double' to 'GLfloat', possible loss of data
d:\projects\gameloft\newtrainingframework\scenemanager.cpp(62): warning C4244: '=': conversion from 'double' to 'GLfloat', possible loss of data
d:\projects\gameloft\newtrainingframework\scenemanager.cpp(65): warning C4244: '=': conversion from 'double' to 'GLfloat', possible loss of data
d:\projects\gameloft\newtrainingframework\scenemanager.cpp(69): warning C4244: '=': conversion from 'double' to 'GLfloat', possible loss of data
d:\projects\gameloft\newtrainingframework\scenemanager.cpp(72): warning C4244: '=': conversion from 'double' to 'GLfloat', possible loss of data
d:\projects\gameloft\newtrainingframework\scenemanager.cpp(75): warning C4244: '=': conversion from 'double' to 'GLfloat', possible loss of data
d:\projects\gameloft\newtrainingframework\scenemanager.cpp(79): warning C4244: '=': conversion from 'double' to 'GLfloat', possible loss of data
d:\projects\gameloft\newtrainingframework\scenemanager.cpp(82): warning C4244: '=': conversion from 'double' to 'GLfloat', possible loss of data
d:\projects\gameloft\newtrainingframework\scenemanager.cpp(85): warning C4244: '=': conversion from 'double' to 'GLfloat', possible loss of data
d:\projects\gameloft\newtrainingframework\scenemanager.cpp(88): warning C4244: '=': conversion from 'double' to 'GLfloat', possible loss of data
d:\projects\gameloft\newtrainingframework\scenemanager.cpp(91): warning C4244: '=': conversion from 'double' to 'GLfloat', possible loss of data
d:\projects\gameloft\newtrainingframework\scenemanager.cpp(94): warning C4244: '=': conversion from 'double' to 'GLfloat', possible loss of data
d:\projects\gameloft\newtrainingframework\scenemanager.cpp(97): warning C4244: '=': conversion from 'double' to 'GLfloat', possible loss of data
d:\projects\gameloft\newtrainingframework\scenemanager.cpp(100): warning C4244: '=': conversion from 'double' to 'GLfloat', possible loss of data
d:\projects\gameloft\newtrainingframework\scenemanager.cpp(138): warning C4244: '=': conversion from 'double' to 'GLfloat', possible loss of data
d:\projects\gameloft\newtrainingframework\scenemanager.cpp(141): warning C4244: '=': conversion from 'double' to 'GLfloat', possible loss of data
d:\projects\gameloft\newtrainingframework\scenemanager.cpp(144): warning C4244: '=': conversion from 'double' to 'GLfloat', possible loss of data
d:\projects\gameloft\newtrainingframework\scenemanager.cpp(159): warning C4244: '=': conversion from 'double' to 'GLfloat', possible loss of data
d:\projects\gameloft\newtrainingframework\scenemanager.cpp(162): warning C4244: '=': conversion from 'double' to 'GLfloat', possible loss of data
d:\projects\gameloft\newtrainingframework\scenemanager.cpp(165): warning C4244: '=': conversion from 'double' to 'GLfloat', possible loss of data
d:\projects\gameloft\newtrainingframework\scenemanager.cpp(169): warning C4244: '=': conversion from 'double' to 'GLfloat', possible loss of data
d:\projects\gameloft\newtrainingframework\scenemanager.cpp(172): warning C4244: '=': conversion from 'double' to 'GLfloat', possible loss of data
d:\projects\gameloft\newtrainingframework\scenemanager.cpp(175): warning C4244: '=': conversion from 'double' to 'GLfloat', possible loss of data
d:\projects\gameloft\newtrainingframework\scenemanager.cpp(179): warning C4244: '=': conversion from 'double' to 'GLfloat', possible loss of data
d:\projects\gameloft\newtrainingframework\scenemanager.cpp(182): warning C4244: '=': conversion from 'double' to 'GLfloat', possible loss of data
d:\projects\gameloft\newtrainingframework\scenemanager.cpp(185): warning C4244: '=': conversion from 'double' to 'GLfloat', possible loss of data
  NewTrainingFramework.cpp
d:\projects\gameloft\utilities\math.h(77): warning C4521: 'Vector3': multiple copy constructors specified
d:\projects\gameloft\newtrainingframework\newtrainingframework.cpp(146): warning C4244: '=': conversion from 'double' to 'GLfloat', possible loss of data
d:\projects\gameloft\newtrainingframework\newtrainingframework.cpp(149): warning C4244: '=': conversion from 'double' to 'GLfloat', possible loss of data
d:\projects\gameloft\newtrainingframework\newtrainingframework.cpp(152): warning C4244: '=': conversion from 'double' to 'GLfloat', possible loss of data
d:\projects\gameloft\newtrainingframework\newtrainingframework.cpp(163): warning C4244: '=': conversion from 'double' to 'GLfloat', possible loss of data
d:\projects\gameloft\newtrainingframework\newtrainingframework.cpp(166): warning C4244: '=': conversion from 'double' to 'GLfloat', possible loss of data
d:\projects\gameloft\newtrainingframework\newtrainingframework.cpp(169): warning C4244: '=': conversion from 'double' to 'GLfloat', possible loss of data
d:\projects\gameloft\newtrainingframework\newtrainingframework.cpp(173): warning C4244: '=': conversion from 'double' to 'GLfloat', possible loss of data
d:\projects\gameloft\newtrainingframework\newtrainingframework.cpp(176): warning C4244: '=': conversion from 'double' to 'GLfloat', possible loss of data
d:\projects\gameloft\newtrainingframework\newtrainingframework.cpp(179): warning C4244: '=': conversion from 'double' to 'GLfloat', possible loss of data
d:\projects\gameloft\newtrainingframework\newtrainingframework.cpp(183): warning C4244: '=': conversion from 'double' to 'GLfloat', possible loss of data
d:\projects\gameloft\newtrainingframework\newtrainingframework.cpp(186): warning C4244: '=': conversion from 'double' to 'GLfloat', possible loss of data
d:\projects\gameloft\newtrainingframework\newtrainingframework.cpp(189): warning C4244: '=': conversion from 'double' to 'GLfloat', possible loss of data
d:\projects\gameloft\newtrainingframework\newtrainingframework.cpp(192): warning C4244: '=': conversion from 'double' to 'GLfloat', possible loss of data
d:\projects\gameloft\newtrainingframework\newtrainingframework.cpp(195): warning C4244: '=': conversion from 'double' to 'GLfloat', possible loss of data
d:\projects\gameloft\newtrainingframework\newtrainingframework.cpp(198): warning C4244: '=': conversion from 'double' to 'GLfloat', possible loss of data
d:\projects\gameloft\newtrainingframework\newtrainingframework.cpp(201): warning C4244: '=': conversion from 'double' to 'GLfloat', possible loss of data
d:\projects\gameloft\newtrainingframework\newtrainingframework.cpp(204): warning C4244: '=': conversion from 'double' to 'GLfloat', possible loss of data
d:\projects\gameloft\newtrainingframework\newtrainingframework.cpp(242): warning C4244: '=': conversion from 'double' to 'GLfloat', possible loss of data
d:\projects\gameloft\newtrainingframework\newtrainingframework.cpp(245): warning C4244: '=': conversion from 'double' to 'GLfloat', possible loss of data
d:\projects\gameloft\newtrainingframework\newtrainingframework.cpp(248): warning C4244: '=': conversion from 'double' to 'GLfloat', possible loss of data
d:\projects\gameloft\newtrainingframework\newtrainingframework.cpp(263): warning C4244: '=': conversion from 'double' to 'GLfloat', possible loss of data
d:\projects\gameloft\newtrainingframework\newtrainingframework.cpp(266): warning C4244: '=': conversion from 'double' to 'GLfloat', possible loss of data
d:\projects\gameloft\newtrainingframework\newtrainingframework.cpp(269): warning C4244: '=': conversion from 'double' to 'GLfloat', possible loss of data
d:\projects\gameloft\newtrainingframework\newtrainingframework.cpp(273): warning C4244: '=': conversion from 'double' to 'GLfloat', possible loss of data
d:\projects\gameloft\newtrainingframework\newtrainingframework.cpp(276): warning C4244: '=': conversion from 'double' to 'GLfloat', possible loss of data
d:\projects\gameloft\newtrainingframework\newtrainingframework.cpp(279): warning C4244: '=': conversion from 'double' to 'GLfloat', possible loss of data
d:\projects\gameloft\newtrainingframework\newtrainingframework.cpp(283): warning C4244: '=': conversion from 'double' to 'GLfloat', possible loss of data
d:\projects\gameloft\newtrainingframework\newtrainingframework.cpp(286): warning C4244: '=': conversion from 'double' to 'GLfloat', possible loss of data
d:\projects\gameloft\newtrainingframework\newtrainingframework.cpp(289): warning C4244: '=': conversion from 'double' to 'GLfloat', possible loss of data
d:\projects\gameloft\newtrainingframework\newtrainingframework.cpp(425): warning C4305: '-=': truncation from 'double' to 'GLfloat'
  Generating Code...
  Skipping... (no relevant changes detected)
  ResourceManager.cpp
  NewTrainingFramework.vcxproj -> D:\Projects\Gameloft\\BIN-Nvidia\NewTrainingFramework.exe
